{"/Users/sedationh/workspace/temp/my-vue-realworld/src/common/api.service.js": {"path":"/Users/sedationh/workspace/temp/my-vue-realworld/src/common/api.service.js","statementMap":{"0":{"start":{"line":3,"column":19},"end":{"line":5,"column":2}},"1":{"start":{"line":8,"column":2},"end":{"line":10,"column":20}},"2":{"start":{"line":14,"column":2},"end":{"line":14,"column":53}}},"fnMap":{"0":{"name":"setToken","decl":{"start":{"line":7,"column":16},"end":{"line":7,"column":24}},"loc":{"start":{"line":7,"column":30},"end":{"line":11,"column":1}},"line":7},"1":{"name":"clearToken","decl":{"start":{"line":13,"column":16},"end":{"line":13,"column":26}},"loc":{"start":{"line":13,"column":29},"end":{"line":15,"column":1}},"line":13}},"branchMap":{},"s":{"0":1,"1":1,"2":1},"f":{"0":1,"1":1},"b":{},"_coverageSchema":"43e27e138ebf9cfc5966b082cf9a028302ed4184","hash":"05212ad9e2a803f9bb2fba695ec98bf0f103fa0b"}
,"/Users/sedationh/workspace/temp/my-vue-realworld/src/components/TheHeader.vue": {"path":"/Users/sedationh/workspace/temp/my-vue-realworld/src/components/TheHeader.vue","statementMap":{"0":{"start":{"line":82,"column":0},"end":{"line":82,"column":null}}},"fnMap":{"0":{"name":"(anonymous_1)","decl":{"start":{"line":81,"column":0},"end":{"line":81,"column":null}},"loc":{"start":{"line":81,"column":0},"end":{"line":83,"column":null}}}},"branchMap":{},"s":{"0":4},"f":{"0":4},"b":{}}
,"/Users/sedationh/workspace/temp/my-vue-realworld/src/router/index.js": {"path":"/Users/sedationh/workspace/temp/my-vue-realworld/src/router/index.js","statementMap":{"0":{"start":{"line":5,"column":0},"end":{"line":5,"column":18}},"1":{"start":{"line":7,"column":15},"end":{"line":44,"column":1}},"2":{"start":{"line":16,"column":21},"end":{"line":16,"column":44}},"3":{"start":{"line":21,"column":21},"end":{"line":21,"column":47}},"4":{"start":{"line":26,"column":21},"end":{"line":26,"column":47}},"5":{"start":{"line":31,"column":21},"end":{"line":31,"column":46}},"6":{"start":{"line":37,"column":21},"end":{"line":37,"column":50}},"7":{"start":{"line":42,"column":21},"end":{"line":42,"column":46}},"8":{"start":{"line":46,"column":15},"end":{"line":48,"column":2}}},"fnMap":{"0":{"name":"(anonymous_0)","decl":{"start":{"line":16,"column":15},"end":{"line":16,"column":16}},"loc":{"start":{"line":16,"column":21},"end":{"line":16,"column":44}},"line":16},"1":{"name":"(anonymous_1)","decl":{"start":{"line":21,"column":15},"end":{"line":21,"column":16}},"loc":{"start":{"line":21,"column":21},"end":{"line":21,"column":47}},"line":21},"2":{"name":"(anonymous_2)","decl":{"start":{"line":26,"column":15},"end":{"line":26,"column":16}},"loc":{"start":{"line":26,"column":21},"end":{"line":26,"column":47}},"line":26},"3":{"name":"(anonymous_3)","decl":{"start":{"line":31,"column":15},"end":{"line":31,"column":16}},"loc":{"start":{"line":31,"column":21},"end":{"line":31,"column":46}},"line":31},"4":{"name":"(anonymous_4)","decl":{"start":{"line":37,"column":15},"end":{"line":37,"column":16}},"loc":{"start":{"line":37,"column":21},"end":{"line":37,"column":50}},"line":37},"5":{"name":"(anonymous_5)","decl":{"start":{"line":42,"column":15},"end":{"line":42,"column":16}},"loc":{"start":{"line":42,"column":21},"end":{"line":42,"column":46}},"line":42}},"branchMap":{},"s":{"0":1,"1":1,"2":0,"3":0,"4":0,"5":0,"6":0,"7":0,"8":1},"f":{"0":0,"1":0,"2":0,"3":0,"4":0,"5":0},"b":{},"_coverageSchema":"43e27e138ebf9cfc5966b082cf9a028302ed4184","hash":"18316f533647e8e44a6736dd07f03cf19e6a1c91"}
,"/Users/sedationh/workspace/temp/my-vue-realworld/src/store/index.js": {"path":"/Users/sedationh/workspace/temp/my-vue-realworld/src/store/index.js","statementMap":{"0":{"start":{"line":5,"column":0},"end":{"line":5,"column":13}}},"fnMap":{},"branchMap":{},"s":{"0":1},"f":{},"b":{},"_coverageSchema":"43e27e138ebf9cfc5966b082cf9a028302ed4184","hash":"98599eeb30b7e160eb57acd917313b5c3643cbc2"}
,"/Users/sedationh/workspace/temp/my-vue-realworld/src/store/user.module.js": {"path":"/Users/sedationh/workspace/temp/my-vue-realworld/src/store/user.module.js","statementMap":{"0":{"start":{"line":15,"column":6},"end":{"line":15,"column":49}},"1":{"start":{"line":19,"column":6},"end":{"line":19,"column":26}},"2":{"start":{"line":27,"column":6},"end":{"line":27,"column":18}},"3":{"start":{"line":28,"column":6},"end":{"line":42,"column":7}},"4":{"start":{"line":29,"column":25},"end":{"line":34,"column":10}},"5":{"start":{"line":35,"column":8},"end":{"line":38,"column":9}},"6":{"start":{"line":36,"column":10},"end":{"line":36,"column":44}},"7":{"start":{"line":37,"column":10},"end":{"line":37,"column":55}},"8":{"start":{"line":40,"column":8},"end":{"line":40,"column":24}},"9":{"start":{"line":41,"column":8},"end":{"line":41,"column":15}}},"fnMap":{"0":{"name":"(anonymous_0)","decl":{"start":{"line":14,"column":14},"end":{"line":14,"column":15}},"loc":{"start":{"line":15,"column":6},"end":{"line":15,"column":49}},"line":15},"1":{"name":"(anonymous_1)","decl":{"start":{"line":18,"column":4},"end":{"line":18,"column":5}},"loc":{"start":{"line":18,"column":28},"end":{"line":20,"column":5}},"line":18},"2":{"name":"(anonymous_2)","decl":{"start":{"line":23,"column":15},"end":{"line":23,"column":16}},"loc":{"start":{"line":26,"column":6},"end":{"line":43,"column":5}},"line":26}},"branchMap":{"0":{"loc":{"start":{"line":15,"column":6},"end":{"line":15,"column":49}},"type":"binary-expr","locations":[{"start":{"line":15,"column":7},"end":{"line":15,"column":17}},{"start":{"line":15,"column":21},"end":{"line":15,"column":40}},{"start":{"line":15,"column":45},"end":{"line":15,"column":49}}],"line":15},"1":{"loc":{"start":{"line":35,"column":8},"end":{"line":38,"column":9}},"type":"if","locations":[{"start":{"line":35,"column":8},"end":{"line":38,"column":9}},{"start":{"line":35,"column":8},"end":{"line":38,"column":9}}],"line":35}},"s":{"0":2,"1":1,"2":1,"3":1,"4":1,"5":1,"6":1,"7":1,"8":0,"9":0},"f":{"0":2,"1":1,"2":1},"b":{"0":[2,1,1],"1":[1,0]},"_coverageSchema":"43e27e138ebf9cfc5966b082cf9a028302ed4184","hash":"e03e567b823f6daa9c4be94cdd5288b5d2745111"}
}
