TN:
SF:/Users/sedationh/workspace/temp/my-vue-realworld/src/common/api.service.js
FN:7,setToken
FN:13,clearToken
FNF:2
FNH:2
FNDA:1,setToken
FNDA:1,clearToken
DA:3,1
DA:8,1
DA:14,1
LF:3
LH:3
BRF:0
BRH:0
end_of_record
TN:
SF:/Users/sedationh/workspace/temp/my-vue-realworld/src/components/TheHeader.vue
FN:81,(anonymous_1)
FNF:1
FNH:1
FNDA:4,(anonymous_1)
DA:82,4
LF:1
LH:1
BRF:0
BRH:0
end_of_record
TN:
SF:/Users/sedationh/workspace/temp/my-vue-realworld/src/router/index.js
FN:16,(anonymous_0)
FN:21,(anonymous_1)
FN:26,(anonymous_2)
FN:31,(anonymous_3)
FN:37,(anonymous_4)
FN:42,(anonymous_5)
FNF:6
FNH:0
FNDA:0,(anonymous_0)
FNDA:0,(anonymous_1)
FNDA:0,(anonymous_2)
FNDA:0,(anonymous_3)
FNDA:0,(anonymous_4)
FNDA:0,(anonymous_5)
DA:5,1
DA:7,1
DA:16,0
DA:21,0
DA:26,0
DA:31,0
DA:37,0
DA:42,0
DA:46,1
LF:9
LH:3
BRF:0
BRH:0
end_of_record
TN:
SF:/Users/sedationh/workspace/temp/my-vue-realworld/src/store/index.js
FNF:0
FNH:0
DA:5,1
LF:1
LH:1
BRF:0
BRH:0
end_of_record
TN:
SF:/Users/sedationh/workspace/temp/my-vue-realworld/src/store/user.module.js
FN:14,(anonymous_0)
FN:18,(anonymous_1)
FN:23,(anonymous_2)
FNF:3
FNH:3
FNDA:2,(anonymous_0)
FNDA:1,(anonymous_1)
FNDA:1,(anonymous_2)
DA:15,2
DA:19,1
DA:27,1
DA:28,1
DA:29,1
DA:35,1
DA:36,1
DA:37,1
DA:40,0
DA:41,0
LF:10
LH:8
BRDA:15,0,0,2
BRDA:15,0,1,1
BRDA:15,0,2,1
BRDA:35,1,0,1
BRDA:35,1,1,0
BRF:5
BRH:4
end_of_record
